#
# There is insufficient memory for the Java Runtime Environment to continue.
# Native memory allocation (mmap) failed to map 268435456 bytes for G1 virtual space
# Possible reasons:
#   The system is out of physical RAM or swap space
#   The process is running with CompressedOops enabled, and the Java Heap may be blocking the growth of the native heap
# Possible solutions:
#   Reduce memory load on the system
#   Increase physical memory or swap space
#   Check if swap backing store is full
#   Decrease Java heap size (-Xmx/-Xms)
#   Decrease number of Java threads
#   Decrease Java thread stack sizes (-Xss)
#   Set larger code cache with -XX:ReservedCodeCacheSize=
#   JVM is running with Zero Based Compressed Oops mode in which the Java heap is
#     placed in the first 32GB address space. The Java Heap base address is the
#     maximum limit for the native heap growth. Please use -XX:HeapBaseMinAddress
#     to set the Java Heap base and to place the Java Heap above 32GB virtual address.
# This output file may be truncated or incomplete.
#
#  Out of Memory Error (os_windows.cpp:3530), pid=6176, tid=4648
#
# JRE version:  (18.0+36) (build )
# Java VM: OpenJDK 64-Bit Server VM (18+36-2087, mixed mode, sharing, tiered, compressed oops, compressed class ptrs, g1 gc, windows-amd64)
# No core dump will be written. Minidumps are not enabled by default on client versions of Windows
#

---------------  S U M M A R Y ------------

Command Line: C:\Users\Nicola\AppData\Local\Temp\surefire17425204672186622373\surefirebooter16959469724171085111.jar C:\Users\Nicola\AppData\Local\Temp\surefire17425204672186622373 2022-05-03T11-44-30_217-jvmRun1 surefire14866889490583605343tmp surefire_01733620204307225890tmp

Host: AMD Ryzen 5 3400G with Radeon Vega Graphics    , 8 cores, 15G,  Windows 10 , 64 bit Build 19041 (10.0.19041.1645)
Time: Tue May  3 11:44:30 2022 ora legale Europa occidentale elapsed time: 0.011639 seconds (0d 0h 0m 0s)

---------------  T H R E A D  ---------------

Current thread (0x000002353f195ad0):  JavaThread "Unknown thread" [_thread_in_vm, id=4648, stack(0x0000004e04300000,0x0000004e04400000)]

Stack: [0x0000004e04300000,0x0000004e04400000]
Native frames: (J=compiled Java code, j=interpreted, Vv=VM code, C=native code)
V  [jvm.dll+0x69804a]
V  [jvm.dll+0x7f308d]
V  [jvm.dll+0x7f499e]
V  [jvm.dll+0x7f5053]
V  [jvm.dll+0x25ca3f]
V  [jvm.dll+0x694f99]
V  [jvm.dll+0x689aca]
V  [jvm.dll+0x321efb]
V  [jvm.dll+0x3298d6]
V  [jvm.dll+0x37e47e]
V  [jvm.dll+0x37e6af]
V  [jvm.dll+0x2f9c7a]
V  [jvm.dll+0x2facdd]
V  [jvm.dll+0x7c1cc0]
V  [jvm.dll+0x38b801]
V  [jvm.dll+0x7a09d3]
V  [jvm.dll+0x40d6bf]
V  [jvm.dll+0x40f091]
C  [jli.dll+0x526b]
C  [ucrtbase.dll+0x21bb2]
C  [KERNEL32.DLL+0x17034]
C  [ntdll.dll+0x52651]


---------------  P R O C E S S  ---------------

Threads class SMR info:
_java_thread_list=0x00007ffae297e550, length=0, elements={
}

Java Threads: ( => current thread )

Other Threads:
  0x000002353f2070b0 WorkerThread "GC Thread#0" [stack: 0x0000004e04400000,0x0000004e04500000] [id=16232]
  0x000002353f218ef0 ConcurrentGCThread "G1 Main Marker" [stack: 0x0000004e04500000,0x0000004e04600000] [id=20320]
  0x000002353f2198e0 WorkerThread "G1 Conc#0" [stack: 0x0000004e04600000,0x0000004e04700000] [id=19224]

[error occurred during error reporting (printing all threads), id 0xc0000005, EXCEPTION_ACCESS_VIOLATION (0xc0000005) at pc=0x00007ffae21aa217]

VM state: not at safepoint (not fully initialized)

VM Mutex/Monitor currently owned by a thread:  ([mutex/lock_event])
[0x000002353f190da0] Heap_lock - owner thread: 0x000002353f195ad0

Heap address: 0x0000000701000000, size: 4080 MB, Compressed Oops mode: Zero based, Oop shift amount: 3

CDS archive(s) mapped at: [0x0000000000000000-0x0000000000000000-0x0000000000000000), size 0, SharedBaseAddress: 0x0000000800000000, ArchiveRelocationMode: 0.
Narrow klass base: 0x0000000000000000, Narrow klass shift: 0, Narrow klass range: 0x0

GC Precious Log:
 CardTable entry size: 512
 Card Set container configuration: InlinePtr #cards 4 size 8 Array Of Cards #cards 16 size 48 Howl #buckets 8 coarsen threshold 3686 Howl Bitmap #cards 512 size 80 coarsen threshold 460 Card regions per heap region 1 cards per card region 4096

Heap:
 garbage-first heap   total 0K, used 0K [0x0000000701000000, 0x0000000800000000)
  region size 2048K, 0 young (0K), 0 survivors (0K)

[error occurred during error reporting (printing heap information), id 0xc0000005, EXCEPTION_ACCESS_VIOLATION (0xc0000005) at pc=0x00007ffae2590489]

GC Heap History (0 events):
No events

Deoptimization events (0 events):
No events

Classes loaded (0 events):
No events

Classes unloaded (0 events):
No events

Classes redefined (0 events):
No events

Internal exceptions (0 events):
No events

VM Operations (0 events):
No events

Events (1 events):
Event: 0.004 Loaded shared library F:\Java\JDK\jdk-18\bin\java.dll


Dynamic libraries:
0x00007ff7bba30000 - 0x00007ff7bba3e000 	F:\Java\JDK\jdk-18\bin\java.exe
0x00007ffb83550000 - 0x00007ffb83745000 	C:\WINDOWS\SYSTEM32\ntdll.dll
0x00007ffb81660000 - 0x00007ffb8171e000 	C:\WINDOWS\System32\KERNEL32.DLL
0x00007ffb81190000 - 0x00007ffb81458000 	C:\WINDOWS\System32\KERNELBASE.dll
0x00007ffb81460000 - 0x00007ffb81560000 	C:\WINDOWS\System32\ucrtbase.dll
0x00007ffb67c00000 - 0x00007ffb67c17000 	F:\Java\JDK\jdk-18\bin\jli.dll
0x00007ffb60290000 - 0x00007ffb602aa000 	F:\Java\JDK\jdk-18\bin\VCRUNTIME140.dll
0x00007ffb817e0000 - 0x00007ffb81980000 	C:\WINDOWS\System32\USER32.dll
0x00007ffb80d20000 - 0x00007ffb80d42000 	C:\WINDOWS\System32\win32u.dll
0x00007ffb5f2c0000 - 0x00007ffb5f55a000 	C:\WINDOWS\WinSxS\amd64_microsoft.windows.common-controls_6595b64144ccf1df_6.0.19041.1110_none_60b5254171f9507e\COMCTL32.dll
0x00007ffb81f60000 - 0x00007ffb81f8a000 	C:\WINDOWS\System32\GDI32.dll
0x00007ffb81db0000 - 0x00007ffb81e4e000 	C:\WINDOWS\System32\msvcrt.dll
0x00007ffb80d50000 - 0x00007ffb80e5b000 	C:\WINDOWS\System32\gdi32full.dll
0x00007ffb80e60000 - 0x00007ffb80efd000 	C:\WINDOWS\System32\msvcp_win.dll
0x00007ffb81f30000 - 0x00007ffb81f60000 	C:\WINDOWS\System32\IMM32.DLL
0x00007ffb7b660000 - 0x00007ffb7b66c000 	F:\Java\JDK\jdk-18\bin\vcruntime140_1.dll
0x00007ffb04230000 - 0x00007ffb042bd000 	F:\Java\JDK\jdk-18\bin\msvcp140.dll
0x00007ffae1ea0000 - 0x00007ffae2ab1000 	F:\Java\JDK\jdk-18\bin\server\jvm.dll
0x00007ffb82bf0000 - 0x00007ffb82c9e000 	C:\WINDOWS\System32\ADVAPI32.dll
0x00007ffb81d10000 - 0x00007ffb81dac000 	C:\WINDOWS\System32\sechost.dll
0x00007ffb820c0000 - 0x00007ffb821e5000 	C:\WINDOWS\System32\RPCRT4.dll
0x00007ffb81720000 - 0x00007ffb81728000 	C:\WINDOWS\System32\PSAPI.DLL
0x00007ffb77360000 - 0x00007ffb7736a000 	C:\WINDOWS\SYSTEM32\VERSION.dll
0x00007ffb61500000 - 0x00007ffb61509000 	C:\WINDOWS\SYSTEM32\WSOCK32.dll
0x00007ffb66e60000 - 0x00007ffb66e87000 	C:\WINDOWS\SYSTEM32\WINMM.dll
0x00007ffb81e50000 - 0x00007ffb81ebb000 	C:\WINDOWS\System32\WS2_32.dll
0x00007ffb7f660000 - 0x00007ffb7f672000 	C:\WINDOWS\SYSTEM32\kernel.appcore.dll
0x00007ffb77020000 - 0x00007ffb7702a000 	F:\Java\JDK\jdk-18\bin\jimage.dll
0x00007ffb7e820000 - 0x00007ffb7ea04000 	C:\WINDOWS\SYSTEM32\DBGHELP.DLL
0x00007ffb758c0000 - 0x00007ffb758ec000 	C:\WINDOWS\SYSTEM32\dbgcore.DLL
0x00007ffb81100000 - 0x00007ffb81182000 	C:\WINDOWS\System32\bcryptPrimitives.dll
0x00007ffb60260000 - 0x00007ffb60285000 	F:\Java\JDK\jdk-18\bin\java.dll

dbghelp: loaded successfully - version: 4.0.5 - missing functions: none
symbol engine: initialized successfully - sym options: 0x614 - pdb path: .;F:\Java\JDK\jdk-18\bin;C:\WINDOWS\SYSTEM32;C:\WINDOWS\WinSxS\amd64_microsoft.windows.common-controls_6595b64144ccf1df_6.0.19041.1110_none_60b5254171f9507e;F:\Java\JDK\jdk-18\bin\server

VM Arguments:
java_command: C:\Users\Nicola\AppData\Local\Temp\surefire17425204672186622373\surefirebooter16959469724171085111.jar C:\Users\Nicola\AppData\Local\Temp\surefire17425204672186622373 2022-05-03T11-44-30_217-jvmRun1 surefire14866889490583605343tmp surefire_01733620204307225890tmp
java_class_path (initial): C:\Users\Nicola\AppData\Local\Temp\surefire17425204672186622373\surefirebooter16959469724171085111.jar
Launcher Type: SUN_STANDARD

[Global flags]
     intx CICompilerCount                          = 4                                         {product} {ergonomic}
     uint ConcGCThreads                            = 2                                         {product} {ergonomic}
     uint G1ConcRefinementThreads                  = 8                                         {product} {ergonomic}
   size_t G1HeapRegionSize                         = 2097152                                   {product} {ergonomic}
    uintx GCDrainStackTargetSize                   = 64                                        {product} {ergonomic}
   size_t InitialHeapSize                          = 268435456                                 {product} {ergonomic}
   size_t MarkStackSize                            = 4194304                                   {product} {ergonomic}
   size_t MaxHeapSize                              = 4278190080                                {product} {ergonomic}
   size_t MinHeapDeltaBytes                        = 2097152                                   {product} {ergonomic}
   size_t MinHeapSize                              = 8388608                                   {product} {ergonomic}
    uintx NonNMethodCodeHeapSize                   = 5839372                                {pd product} {ergonomic}
    uintx NonProfiledCodeHeapSize                  = 122909434                              {pd product} {ergonomic}
    uintx ProfiledCodeHeapSize                     = 122909434                              {pd product} {ergonomic}
    uintx ReservedCodeCacheSize                    = 251658240                              {pd product} {ergonomic}
     bool SegmentedCodeCache                       = true                                      {product} {ergonomic}
   size_t SoftMaxHeapSize                          = 4278190080                             {manageable} {ergonomic}
     bool UseCompressedClassPointers               = true                           {product lp64_product} {ergonomic}
     bool UseCompressedOops                        = true                           {product lp64_product} {ergonomic}
     bool UseG1GC                                  = true                                      {product} {ergonomic}
     bool UseLargePagesIndividualAllocation        = false                                  {pd product} {ergonomic}

Logging:
Log output configuration:
 #0: stdout all=warning uptime,level,tags foldmultilines=false
 #1: stderr all=off uptime,level,tags foldmultilines=false

Environment Variables:
JAVA_HOME=F:\Java\JDK\jdk-18
CLASSPATH=C:\Program Files (x86)\EPSON_FP_POS_for_.NET_Service_Objects;
PATH=C:\Python39\Scripts\;C:\Python39\;C:\Program Files (x86)\Microsoft SDKs\Azure\CLI2\wbin;F:\Oracle\dbhomeXE\bin;H:\Oracle\18.0.0\dbhomeXE\bin;C:\Program Files\Microsoft MPI\Bin\;H:\Oracle\app\oracle\product\11.2.0\server\bin;h:\app\NicolaLR\product\12.1.0\dbhome_2\bin;h:\app\NicolaLR\product\12.1.0\dbhome_1\bin;C:\WINDOWS\system32;C:\WINDOWS;C:\WINDOWS\System32\Wbem;C:\WINDOWS\System32\WindowsPowerShell\v1.0\;C:\Program Files (x86)\ATI Technologies\ATI.ACE\Core-Static;C:\Program Files (x86)\Microsoft SQL Server\100\Tools\Binn\;C:\Program Files\Microsoft SQL Server\100\Tools\Binn\;C:\Program Files\Microsoft SQL Server\100\DTS\Binn\;C:\Program Files (x86)\Microsoft SQL Server\100\Tools\Binn\VSShell\Common7\IDE\;C:\Program Files (x86)\Microsoft SQL Server\100\DTS\Binn\;C:\Program Files (x86)\EPSON_FP_POS_for_.NET_Service_Objects;C:\Program Files\Microsoft SQL Server\110\Tools\Binn\;C:\Program Files\Microsoft SQL Server\120\Tools\Binn\;C:\Program Files (x86)\Windows Live\Shared;C:\Program Files\Microsoft SQL Server\110\DTS\Binn\;C:\Program Files (x86)\Microsoft SQL Server\110\Tools\Binn\;C:\Program Files (x86)\Microsoft SQL Server\110\Tools\Binn\ManagementStudio\;C:\Program Files (x86)\Microsoft SQL Server\110\DTS\Binn\;C:\Program Files\Microsoft SQL Server\Client SDK\ODBC\110\Tools\Binn\;C:\Program Files (x86)\Microsoft SQL Server\120\Tools\Binn\ManagementStudio\;C:\Program Files (x86)\Microsoft SQL Server\120\Tools\Binn\;C:\Program Files (x86)\Microsoft SQL Server\120\DTS\Binn\;C:\Program Files\Microsoft SQL Server\120\DTS\Binn\;C:\Program Files (x86)\Microsoft SQL Server\130\DTS\Binn\;C:\Program Files (x86)\Skype\Phone\;C:\Program Files (x86)\Calibre2\;C:\Program Files\Cloud Foundry;C:\Program Files (x86)\Microsoft SQL Server\140\Tools\Binn\;C:\Program Files\Microsoft SQL Server\Client SDK\ODBC\130\Tools\Binn\;C:\WINDOWS\System32\OpenSSH\;C:\Program Files (x86)\Microsoft SQL Server\140\DTS\Binn\;C:\Program Files\dotnet\;C:\Program Files (x86)\Microsoft SQL Server\Client SDK\ODBC\130\Tools\Binn\;C:\Program Files (x86)\Microsoft SQL Server\140\Tools\Binn\ManagementStudio\;C:\Program Files\Microsoft SQL Server\140\Tools\Binn\;C:\Program Files\Microsoft SQL Server\140\DTS\Binn\;H:\sbt\bin;H:\Program Files\Amazon\AWSCLIV2\;H:\Program Files\Amazon\AWSSAMCLI\bin\;C:\Program Files\Docker\Docker\resources\bin;C:\ProgramData\DockerDesktop\version-bin;C:\Program Files\Microsoft SQL Server\Client SDK\ODBC\170\Tools\Binn\;C:\Program Files (x86)\Microsoft SQL Server\150\Tools\Binn\;C:\Program Files\Microsoft SQL Server\150\Tools\Binn\;C:\Program Files\Microsoft SQL Server\150\DTS\Binn\;C:\Program Files (x86)\Microsoft SQL Server\150\DTS\Binn\;C:\Program Files\Microsoft SQL Server\130\Tools\Binn\;C:\ProgramData\chocolatey\bin;C:\Program Files\PuTTY\;H:\Program Files\nodejs\;C:\Program Files (x86)\dotnet\;C:\Program Files\Git\cmd;C:\Users\Nicola\AppData\Local\Microsoft\WindowsApps;F:\Java\JDK\jdk-18\bin;F:\apache-maven-3.8.5\bin;H:\Program Files\Python37;C:\Users\Nicola\AppData\Local\Google\Cloud SDK\google-cloud-sdk\bin;C:\Users\Nicola\.dotnet\tools;C:\Users\Nicola\AppData\Local\Microsoft\WindowsApps;f:\code\bin;C:\Users\Nicola\.dotnet\tools;C:\Users\Nicola\AppData\Roaming\npm
USERNAME=Nicola
OS=Windows_NT
PROCESSOR_IDENTIFIER=AMD64 Family 23 Model 24 Stepping 1, AuthenticAMD



---------------  S Y S T E M  ---------------

OS:
 Windows 10 , 64 bit Build 19041 (10.0.19041.1645)
OS uptime: 0 days 2:09 hours
Hyper-V role detected

CPU: total 8 (initial active 8) (8 cores per cpu, 2 threads per core) family 23 model 24 stepping 1 microcode 0x0, cx8, cmov, fxsr, ht, mmx, 3dnowpref, sse, sse2, sse3, ssse3, sse4a, sse4.1, sse4.2, popcnt, lzcnt, tsc, tscinvbit, avx, avx2, aes, clmul, bmi1, bmi2, adx, sha, fma, vzeroupper, clflush, clflushopt, hv

Memory: 4k page, system-wide physical 16315M (2783M free)
TotalPageFile size 18315M (AvailPageFile size 240M)
current process WorkingSet (physical memory assigned to process): 10M, peak: 10M
current process commit charge ("private bytes"): 60M, peak: 316M

vm_info: OpenJDK 64-Bit Server VM (18+36-2087) for windows-amd64 JRE (18+36-2087), built on Feb 15 2022 09:37:35 by "mach5one" with MS VC++ 16.8 / 16.9 (VS2019)

END.
